  Building Custom Rule C:/Users/LQ Duy/Documents/Project/vvenc/source/Lib/vvenc/CMakeLists.txt
  AdaptiveLoopFilter.cpp
  AffineGradientSearch.cpp
  BitStream.cpp
  Buffer.cpp
  CodingStructure.cpp
  ContextModelling.cpp
  Contexts.cpp
  DepQuant.cpp
  InterPrediction.cpp
  InterpolationFilter.cpp
  IntraPrediction.cpp
  LoopFilter.cpp
  MCTF.cpp
  MatrixIntraPrediction.cpp
  Mv.cpp
  PicYuvMD5.cpp
  Picture.cpp
  ProfileLevelTier.cpp
  Quant.cpp
  QuantRDOQ.cpp
  QuantRDOQ2.cpp
  RdCost.cpp
  Reshape.cpp
  Rom.cpp
  RomTr.cpp
  SEI.cpp
  SampleAdaptiveOffset.cpp
  SearchSpaceCounter.cpp
  Slice.cpp
  StatCounter.cpp
  TimeProfiler.cpp
  TrQuant.cpp
  TrQuant_EMT.cpp
  Unit.cpp
  UnitPartitioner.cpp
  UnitTools.cpp
  dtrace.cpp
  DecCu.cpp
  BinEncoder.cpp
  BitAllocation.cpp
  CABACWriter.cpp
  EncAdaptiveLoopFilter.cpp
  EncCfg.cpp
  EncCu.cpp
  EncGOP.cpp
  EncHRD.cpp
  EncLib.cpp
  EncModeCtrl.cpp
  EncPicture.cpp
  EncReshape.cpp
  EncSampleAdaptiveOffset.cpp
  EncSlice.cpp
  GOPCfg.cpp
  InterSearch.cpp
  IntraSearch.cpp
  NALwrite.cpp
  PreProcess.cpp
  RateCtrl.cpp
  SEIEncoder.cpp
  SEIFilmGrainAnalyzer.cpp
  SEIwrite.cpp
  VLCWriter.cpp
  NoMallocThreadPool.cpp
  vvenc.cpp
  vvencCfg.cpp
  vvencimpl.cpp
  CommonDefX86.cpp
  InitX86.cpp
  vvenc.vcxproj -> C:\Users\LQ Duy\Documents\Project\vvenc\lib\release-static\vvenc.lib
